<?xml version="1.0" encoding="UTF-8"?>
<testng-results skipped="0" failed="0" ignored="0" total="2" passed="2">
  <reporter-output>
  </reporter-output>
  <suite name="Suite" duration-ms="28928" started-at="2020-01-04T12:12:35Z" finished-at="2020-01-04T12:13:04Z">
    <groups>
    </groups>
    <test name="Test" duration-ms="28928" started-at="2020-01-04T12:12:35Z" finished-at="2020-01-04T12:13:04Z">
      <class name="packg.Loginreg">
        <test-method status="PASS" signature="openbr()[pri:0, instance:packg.Loginreg@82f6ef]" name="openbr" is-config="true" duration-ms="7584" started-at="2020-01-04T17:42:50Z" finished-at="2020-01-04T17:42:57Z">
          <reporter-output>
          </reporter-output>
        </test-method> <!-- openbr -->
        <test-method status="PASS" signature="login()[pri:0, instance:packg.Loginreg@82f6ef]" name="login" duration-ms="4257" started-at="2020-01-04T17:42:57Z" finished-at="2020-01-04T17:43:02Z">
          <reporter-output>
          </reporter-output>
        </test-method> <!-- login -->
        <test-method status="PASS" signature="closebrow()[pri:0, instance:packg.Loginreg@82f6ef]" name="closebrow" is-config="true" duration-ms="2306" started-at="2020-01-04T17:43:02Z" finished-at="2020-01-04T17:43:04Z">
          <reporter-output>
          </reporter-output>
        </test-method> <!-- closebrow -->
      </class> <!-- packg.Loginreg -->
      <class name="packg.Reg">
        <test-method status="PASS" signature="openbr()[pri:0, instance:packg.Reg@c4c815]" name="openbr" is-config="true" duration-ms="7737" started-at="2020-01-04T17:42:35Z" finished-at="2020-01-04T17:42:43Z">
          <reporter-output>
          </reporter-output>
        </test-method> <!-- openbr -->
        <test-method status="PASS" signature="Tc1_2()[pri:0, instance:packg.Reg@c4c815]" name="Tc1_2" duration-ms="4948" started-at="2020-01-04T17:42:43Z" finished-at="2020-01-04T17:42:48Z">
          <reporter-output>
          </reporter-output>
        </test-method> <!-- Tc1_2 -->
        <test-method status="PASS" signature="closebrow()[pri:0, instance:packg.Reg@c4c815]" name="closebrow" is-config="true" duration-ms="2073" started-at="2020-01-04T17:42:48Z" finished-at="2020-01-04T17:42:50Z">
          <reporter-output>
          </reporter-output>
        </test-method> <!-- closebrow -->
      </class> <!-- packg.Reg -->
    </test> <!-- Test -->
  </suite> <!-- Suite -->
</testng-results>
